[+] Containers:
 |- [+] Container: /Game/Maps/NewMap
 |   |- [+] ActorDescs:
 |   |   |- Guid:07FB51CF43D81B04E3500B8F53E64813 BaseClass: NativeClass:/Script/Engine.BlockingVolume Name:BlockingVolume_UAID_2C4D54D5790336C601_1674528758 Label:BlockingVolume SpatiallyLoaded:1 Bounds:IsValid=true, Min=(X=-30.000 Y=-2310.000 Z=0.000), Max=(X=370.000 Y=-2270.000 Z=300.000) RuntimeGrid:None EditorOnly:0 RuntimeOnly:0 HLODRelevant:0
 |   |   |- Guid:0F38E66C4651124951A5BAA94C65CC96 BaseClass: NativeClass:/Script/NavigationSystem.NavMeshBoundsVolume Name:NavMeshBoundsVolume_UAID_2C4D54D579033DC601_1992324983 Label:NavMeshBoundsVolume SpatiallyLoaded:0 Bounds:IsValid=true, Min=(X=-4750.000 Y=-4160.000 Z=-40.000), Max=(X=5050.000 Y=5640.000 Z=160.000) RuntimeGrid:None EditorOnly:0 RuntimeOnly:0 HLODRelevant:0
 |   |   |- Guid:1D3D26F04B6DC10BEFB5B69E5CF914C8 BaseClass: NativeClass:/Script/Engine.VolumetricCloud Name:VolumetricCloud_UAID_A85E45CFE40401D200_1470381760 Label:VolumetricCloud SpatiallyLoaded:0 Bounds:IsValid=true, Min=(X=0.000 Y=0.000 Z=280.000), Max=(X=0.000 Y=0.000 Z=280.000) RuntimeGrid:None EditorOnly:0 RuntimeOnly:0 HLODRelevant:0 FolderPath:Lighting FolderGuid:B7E9BD5B45A652654791988DEF54CCEB
 |   |   |- Guid:1D50B80C4808C82C084F9DA5903EE2A8 BaseClass: NativeClass:/Script/Engine.VolumetricCloud Name:VolumetricCloud_UAID_2C4D54D5790335C601_1598998576 Label:VolumetricCloud2 SpatiallyLoaded:0 Bounds:IsValid=true, Min=(X=250.000 Y=-1230.000 Z=90.000), Max=(X=250.000 Y=-1230.000 Z=90.000) RuntimeGrid:None EditorOnly:0 RuntimeOnly:0 HLODRelevant:0
 |   |   |- Guid:1DE8D7AC4103A2EABA11649C7FCF8ACA BaseClass: NativeClass:/Script/Engine.SkyLight Name:SkyLight_UAID_A85E45CFE40401D200_1470380759 Label:SkyLight SpatiallyLoaded:0 Bounds:IsValid=true, Min=(X=0.000 Y=0.000 Z=150.000), Max=(X=0.000 Y=0.000 Z=150.000) RuntimeGrid:None EditorOnly:0 RuntimeOnly:0 HLODRelevant:0 FolderPath:Lighting FolderGuid:B7E9BD5B45A652654791988DEF54CCEB
 |   |   |- Guid:218E3B124735712D7EF272B4FB8E7FF6 BaseClass: NativeClass:/Script/Landscape.Landscape Name:Landscape_UAID_A85E45CFE404FBD100_1221515703 Label:Landscape SpatiallyLoaded:0 Bounds:IsValid=true, Min=(X=-100800.000 Y=-100800.000 Z=100.000), Max=(X=-100800.000 Y=-100800.000 Z=100.000) RuntimeGrid:None EditorOnly:0 RuntimeOnly:0 HLODRelevant:0
 |   |   |- Guid:2CE12F874AA39D020A0F4BA5739BD305 BaseClass: NativeClass:/Script/Engine.SkyAtmosphere Name:SkyAtmosphere_UAID_A85E45CFE40401D200_1470382762 Label:SkyAtmosphere SpatiallyLoaded:0 Bounds:IsValid=true, Min=(X=0.000 Y=0.000 Z=340.000), Max=(X=0.000 Y=0.000 Z=340.000) RuntimeGrid:None EditorOnly:0 RuntimeOnly:0 HLODRelevant:0 FolderPath:Lighting FolderGuid:B7E9BD5B45A652654791988DEF54CCEB
 |   |   |- Guid:37628C8F465975DE89EFE5BAF7223A71 BaseClass:/Game/Blueprints/BP_ZombieCharacter1.BP_ZombieCharacter1_C NativeClass:/Script/Alone.ZombieCharacter Name:BP_ZombieCharacter1_C_UAID_2C4D54D579035CC601_1804861440 Label:BP_ZombieCharacter1 SpatiallyLoaded:1 Bounds:IsValid=true, Min=(X=-624.000 Y=1192.440 Z=-17.880), Max=(X=-556.000 Y=1347.572 Z=176.000) RuntimeGrid:None EditorOnly:0 RuntimeOnly:0 HLODRelevant:0
 |   |   |- Guid:4104A3904199B310B6EBBAA3467D9855 BaseClass: NativeClass:/Script/Engine.StaticMeshActor Name:StaticMeshActor_UAID_2C4D54D5790335C601_2147402580 Label:S_Modular_Building_1st_Floor_Kit_wdhjehddw_lod5_Var4 SpatiallyLoaded:1 Bounds:IsValid=true, Min=(X=-30.000 Y=-2310.701 Z=-0.043), Max=(X=370.000 Y=-2266.173 Z=300.051) RuntimeGrid:None EditorOnly:0 RuntimeOnly:0 HLODRelevant:1
 |   |   |- Guid:4953EFD842D66097A61C9EAFE2E32FF7 BaseClass: NativeClass:/Script/Engine.ExponentialHeightFog Name:ExponentialHeightFog_UAID_2C4D54D5790335C601_1504741575 Label:ExponentialHeightFog2 SpatiallyLoaded:0 Bounds:IsValid=true, Min=(X=-230.000 Y=-940.000 Z=40.000), Max=(X=-230.000 Y=-940.000 Z=40.000) RuntimeGrid:None EditorOnly:0 RuntimeOnly:0 HLODRelevant:0
 |   |   |- Guid:4D032B3C43E985DF7FBB5DBB23889A42 BaseClass: NativeClass:/Script/Engine.PlayerStart Name:PlayerStart_UAID_2C4D54D57903D2C401_1258688095 Label:PlayerStart SpatiallyLoaded:0 Bounds:IsValid=true, Min=(X=-290.000 Y=210.000 Z=0.010), Max=(X=-210.000 Y=290.000 Z=184.010) RuntimeGrid:None EditorOnly:0 RuntimeOnly:0 HLODRelevant:0
 |   |   |- Guid:5368FABB47D6D9580DAECA8B0417BF92 BaseClass: NativeClass:/Script/Engine.WorldDataLayers Name:WorldDataLayers Label:WorldDataLayers-1 SpatiallyLoaded:0 Bounds:IsValid=true, Min=(X=0.000 Y=0.000 Z=0.000), Max=(X=0.000 Y=0.000 Z=0.000) RuntimeGrid:None EditorOnly:0 RuntimeOnly:0 HLODRelevant:0
 |   |   |- Guid:707D0D104A1A6DBFBBD050AD016E1BA7 BaseClass: NativeClass:/Script/Landscape.LandscapeStreamingProxy Name:LandscapeStreamingProxy_D7T4VF4LBP34PHV9XOEVM5TIG_1_4_4_0 Label:LandscapeStreamingProxy_4_4_0 SpatiallyLoaded:1 Bounds:IsValid=true, Min=(X=0.000 Y=0.000 Z=-100.000), Max=(X=25200.000 Y=25200.000 Z=100.000) RuntimeGrid:None EditorOnly:0 RuntimeOnly:0 HLODRelevant:1
 |   |   |- Guid:712C1C6A49A8ADD54D43DA87987E3E80 BaseClass: NativeClass:/Script/Engine.StaticMeshActor Name:StaticMeshActor_UAID_2C4D54D5790335C601_2142751579 Label:S_Modular_Building_1st_Floor_Kit_wdhjehddw_lod5_Var3 SpatiallyLoaded:1 Bounds:IsValid=true, Min=(X=399.996 Y=-2310.000 Z=-0.043), Max=(X=800.000 Y=-2275.942 Z=300.051) RuntimeGrid:None EditorOnly:0 RuntimeOnly:0 HLODRelevant:1
 |   |   |- Guid:71986CD74790AF8437E4A29593C75B71 BaseClass: NativeClass:/Script/Engine.StaticMeshActor Name:StaticMeshActor_UAID_2C4D54D5790335C601_2115942578 Label:S_Modular_Building_1st_Floor_Kit_wdhjehddw_lod5_Var2 SpatiallyLoaded:1 Bounds:IsValid=true, Min=(X=920.000 Y=-2320.000 Z=-0.043), Max=(X=1320.000 Y=-2283.046 Z=300.051) RuntimeGrid:None EditorOnly:0 RuntimeOnly:0 HLODRelevant:1
 |   |   |- Guid:724FD3C04F82959E291B8688041317E1 BaseClass:/Game/Blueprints/BP_ZombieCharacter.BP_ZombieCharacter_C NativeClass:/Script/Alone.ZombieCharacter Name:BP_ZombieCharacter_C_UAID_2C4D54D5790342C601_2005225866 Label:BP_ZombieCharacter SpatiallyLoaded:1 Bounds:IsValid=true, Min=(X=1896.324 Y=1137.074 Z=0.000), Max=(X=1988.931 Y=1218.872 Z=176.000) RuntimeGrid:None EditorOnly:0 RuntimeOnly:0 HLODRelevant:0
 |   |   |- Guid:80631C4B419F35099F4CEAA1CFABE66E BaseClass: NativeClass:/Script/Engine.StaticMeshActor Name:StaticMeshActor_UAID_2C4D54D5790359C601_1856471911 Label:SM_Shell_9mm SpatiallyLoaded:1 Bounds:IsValid=true, Min=(X=-50.479 Y=-310.857 Z=-0.471), Max=(X=-49.521 Y=-307.865 Z=0.487) RuntimeGrid:None EditorOnly:0 RuntimeOnly:0 HLODRelevant:1
 |   |   |- Guid:82111EBA4245874D247823848B4F1385 BaseClass: NativeClass:/Script/Landscape.LandscapeStreamingProxy Name:LandscapeStreamingProxy_D7T4VF4LBP34PHV9XOEVM5TIG_1_4_3_0 Label:LandscapeStreamingProxy_4_3_0 SpatiallyLoaded:1 Bounds:IsValid=true, Min=(X=0.000 Y=-25200.000 Z=-100.000), Max=(X=25200.000 Y=0.000 Z=100.000) RuntimeGrid:None EditorOnly:0 RuntimeOnly:0 HLODRelevant:1
 |   |   |- Guid:906D78364417838A833E91A1D4581006 BaseClass: NativeClass:/Script/Engine.StaticMeshActor Name:StaticMeshActor_UAID_2C4D54D57903D3C401_1794489271 Label:Cube SpatiallyLoaded:1 Bounds:IsValid=true, Min=(X=237.199 Y=17.610 Z=11.479), Max=(X=437.199 Y=542.610 Z=511.479) RuntimeGrid:None EditorOnly:0 RuntimeOnly:0 HLODRelevant:1
 |   |   |- Guid:9CBBDFD8486812AAE8770CB093DB7460 BaseClass: NativeClass:/Script/Landscape.LandscapeStreamingProxy Name:LandscapeStreamingProxy_D7T4VF4LBP34PHV9XOEVM5TIG_1_3_4_0 Label:LandscapeStreamingProxy_3_4_0 SpatiallyLoaded:1 Bounds:IsValid=true, Min=(X=-25200.000 Y=0.000 Z=-100.000), Max=(X=0.000 Y=25200.000 Z=100.000) RuntimeGrid:None EditorOnly:0 RuntimeOnly:0 HLODRelevant:1
 |   |   |- Guid:AAAC6B5742760A58C2206DB37E44683C BaseClass: NativeClass:/Script/Engine.DirectionalLight Name:DirectionalLight_UAID_A85E45CFE40401D200_1470382761 Label:DirectionalLight SpatiallyLoaded:0 Bounds:IsValid=true, Min=(X=-4398046511104.000 Y=-4398046511104.000 Z=-4398046511104.000), Max=(X=4398046511104.000 Y=4398046511104.000 Z=4398046511104.000) RuntimeGrid:None EditorOnly:0 RuntimeOnly:0 HLODRelevant:0 FolderPath:Lighting FolderGuid:B7E9BD5B45A652654791988DEF54CCEB
 |   |   |- Guid:C053F4D147B437B779B2B1AB86653318 BaseClass: NativeClass:/Script/NavigationSystem.RecastNavMesh Name:RecastNavMesh_UAID_2C4D54D579033DC601-Default Label:RecastNavMesh-Default SpatiallyLoaded:0 Bounds:IsValid=true, Min=(X=0.000 Y=0.000 Z=0.000), Max=(X=0.000 Y=0.000 Z=0.000) RuntimeGrid:None EditorOnly:0 RuntimeOnly:0 HLODRelevant:0
 |   |   |- Guid:D3FB7383421AAEFD3DB6F8B1E415A9FE BaseClass: NativeClass:/Script/Engine.ExponentialHeightFog Name:ExponentialHeightFog_UAID_A85E45CFE40401D200_1470382763 Label:ExponentialHeightFog SpatiallyLoaded:0 Bounds:IsValid=true, Min=(X=-5600.000 Y=-50.000 Z=-6850.000), Max=(X=-5600.000 Y=-50.000 Z=-6850.000) RuntimeGrid:None EditorOnly:0 RuntimeOnly:0 HLODRelevant:0 FolderPath:Lighting FolderGuid:B7E9BD5B45A652654791988DEF54CCEB
 |   |   |- Guid:E6C4C89747E65FCDCCFD648F081F47C2 BaseClass: NativeClass:/Script/Landscape.LandscapeStreamingProxy Name:LandscapeStreamingProxy_D7T4VF4LBP34PHV9XOEVM5TIG_1_3_3_0 Label:LandscapeStreamingProxy_3_3_0 SpatiallyLoaded:1 Bounds:IsValid=true, Min=(X=-25200.000 Y=-25200.000 Z=-100.000), Max=(X=0.000 Y=0.000 Z=100.000) RuntimeGrid:None EditorOnly:0 RuntimeOnly:0 HLODRelevant:1
 |   |- [+] Clusters:
 |   |   |- [+] [  0]
 |   |   |   |- Guid:D3FB7383421AAEFD3DB6F8B1E415A9FE BaseClass: NativeClass:/Script/Engine.ExponentialHeightFog Name:ExponentialHeightFog_UAID_A85E45CFE40401D200_1470382763 Label:ExponentialHeightFog SpatiallyLoaded:0 Bounds:IsValid=true, Min=(X=-5600.000 Y=-50.000 Z=-6850.000), Max=(X=-5600.000 Y=-50.000 Z=-6850.000) RuntimeGrid:None EditorOnly:0 RuntimeOnly:0 HLODRelevant:0 FolderPath:Lighting FolderGuid:B7E9BD5B45A652654791988DEF54CCEB
 |   |   |- [+] [  1]
 |   |   |   |- Guid:9CBBDFD8486812AAE8770CB093DB7460 BaseClass: NativeClass:/Script/Landscape.LandscapeStreamingProxy Name:LandscapeStreamingProxy_D7T4VF4LBP34PHV9XOEVM5TIG_1_3_4_0 Label:LandscapeStreamingProxy_3_4_0 SpatiallyLoaded:1 Bounds:IsValid=true, Min=(X=-25200.000 Y=0.000 Z=-100.000), Max=(X=0.000 Y=25200.000 Z=100.000) RuntimeGrid:None EditorOnly:0 RuntimeOnly:0 HLODRelevant:1
 |   |   |- [+] [  2]
 |   |   |   |- Guid:712C1C6A49A8ADD54D43DA87987E3E80 BaseClass: NativeClass:/Script/Engine.StaticMeshActor Name:StaticMeshActor_UAID_2C4D54D5790335C601_2142751579 Label:S_Modular_Building_1st_Floor_Kit_wdhjehddw_lod5_Var3 SpatiallyLoaded:1 Bounds:IsValid=true, Min=(X=399.996 Y=-2310.000 Z=-0.043), Max=(X=800.000 Y=-2275.942 Z=300.051) RuntimeGrid:None EditorOnly:0 RuntimeOnly:0 HLODRelevant:1
 |   |   |- [+] [  3]
 |   |   |   |- Guid:2CE12F874AA39D020A0F4BA5739BD305 BaseClass: NativeClass:/Script/Engine.SkyAtmosphere Name:SkyAtmosphere_UAID_A85E45CFE40401D200_1470382762 Label:SkyAtmosphere SpatiallyLoaded:0 Bounds:IsValid=true, Min=(X=0.000 Y=0.000 Z=340.000), Max=(X=0.000 Y=0.000 Z=340.000) RuntimeGrid:None EditorOnly:0 RuntimeOnly:0 HLODRelevant:0 FolderPath:Lighting FolderGuid:B7E9BD5B45A652654791988DEF54CCEB
 |   |   |- [+] [  4]
 |   |   |   |- Guid:707D0D104A1A6DBFBBD050AD016E1BA7 BaseClass: NativeClass:/Script/Landscape.LandscapeStreamingProxy Name:LandscapeStreamingProxy_D7T4VF4LBP34PHV9XOEVM5TIG_1_4_4_0 Label:LandscapeStreamingProxy_4_4_0 SpatiallyLoaded:1 Bounds:IsValid=true, Min=(X=0.000 Y=0.000 Z=-100.000), Max=(X=25200.000 Y=25200.000 Z=100.000) RuntimeGrid:None EditorOnly:0 RuntimeOnly:0 HLODRelevant:1
 |   |   |- [+] [  5]
 |   |   |   |- Guid:1DE8D7AC4103A2EABA11649C7FCF8ACA BaseClass: NativeClass:/Script/Engine.SkyLight Name:SkyLight_UAID_A85E45CFE40401D200_1470380759 Label:SkyLight SpatiallyLoaded:0 Bounds:IsValid=true, Min=(X=0.000 Y=0.000 Z=150.000), Max=(X=0.000 Y=0.000 Z=150.000) RuntimeGrid:None EditorOnly:0 RuntimeOnly:0 HLODRelevant:0 FolderPath:Lighting FolderGuid:B7E9BD5B45A652654791988DEF54CCEB
 |   |   |- [+] [  6]
 |   |   |   |- Guid:07FB51CF43D81B04E3500B8F53E64813 BaseClass: NativeClass:/Script/Engine.BlockingVolume Name:BlockingVolume_UAID_2C4D54D5790336C601_1674528758 Label:BlockingVolume SpatiallyLoaded:1 Bounds:IsValid=true, Min=(X=-30.000 Y=-2310.000 Z=0.000), Max=(X=370.000 Y=-2270.000 Z=300.000) RuntimeGrid:None EditorOnly:0 RuntimeOnly:0 HLODRelevant:0
 |   |   |- [+] [  7]
 |   |   |   |- Guid:218E3B124735712D7EF272B4FB8E7FF6 BaseClass: NativeClass:/Script/Landscape.Landscape Name:Landscape_UAID_A85E45CFE404FBD100_1221515703 Label:Landscape SpatiallyLoaded:0 Bounds:IsValid=true, Min=(X=-100800.000 Y=-100800.000 Z=100.000), Max=(X=-100800.000 Y=-100800.000 Z=100.000) RuntimeGrid:None EditorOnly:0 RuntimeOnly:0 HLODRelevant:0
 |   |   |- [+] [  8]
 |   |   |   |- Guid:71986CD74790AF8437E4A29593C75B71 BaseClass: NativeClass:/Script/Engine.StaticMeshActor Name:StaticMeshActor_UAID_2C4D54D5790335C601_2115942578 Label:S_Modular_Building_1st_Floor_Kit_wdhjehddw_lod5_Var2 SpatiallyLoaded:1 Bounds:IsValid=true, Min=(X=920.000 Y=-2320.000 Z=-0.043), Max=(X=1320.000 Y=-2283.046 Z=300.051) RuntimeGrid:None EditorOnly:0 RuntimeOnly:0 HLODRelevant:1
 |   |   |- [+] [  9]
 |   |   |   |- Guid:906D78364417838A833E91A1D4581006 BaseClass: NativeClass:/Script/Engine.StaticMeshActor Name:StaticMeshActor_UAID_2C4D54D57903D3C401_1794489271 Label:Cube SpatiallyLoaded:1 Bounds:IsValid=true, Min=(X=237.199 Y=17.610 Z=11.479), Max=(X=437.199 Y=542.610 Z=511.479) RuntimeGrid:None EditorOnly:0 RuntimeOnly:0 HLODRelevant:1
 |   |   |- [+] [ 10]
 |   |   |   |- Guid:1D50B80C4808C82C084F9DA5903EE2A8 BaseClass: NativeClass:/Script/Engine.VolumetricCloud Name:VolumetricCloud_UAID_2C4D54D5790335C601_1598998576 Label:VolumetricCloud2 SpatiallyLoaded:0 Bounds:IsValid=true, Min=(X=250.000 Y=-1230.000 Z=90.000), Max=(X=250.000 Y=-1230.000 Z=90.000) RuntimeGrid:None EditorOnly:0 RuntimeOnly:0 HLODRelevant:0
 |   |   |- [+] [ 11]
 |   |   |   |- Guid:5368FABB47D6D9580DAECA8B0417BF92 BaseClass: NativeClass:/Script/Engine.WorldDataLayers Name:WorldDataLayers Label:WorldDataLayers-1 SpatiallyLoaded:0 Bounds:IsValid=true, Min=(X=0.000 Y=0.000 Z=0.000), Max=(X=0.000 Y=0.000 Z=0.000) RuntimeGrid:None EditorOnly:0 RuntimeOnly:0 HLODRelevant:0
 |   |   |- [+] [ 12]
 |   |   |   |- Guid:4953EFD842D66097A61C9EAFE2E32FF7 BaseClass: NativeClass:/Script/Engine.ExponentialHeightFog Name:ExponentialHeightFog_UAID_2C4D54D5790335C601_1504741575 Label:ExponentialHeightFog2 SpatiallyLoaded:0 Bounds:IsValid=true, Min=(X=-230.000 Y=-940.000 Z=40.000), Max=(X=-230.000 Y=-940.000 Z=40.000) RuntimeGrid:None EditorOnly:0 RuntimeOnly:0 HLODRelevant:0
 |   |   |- [+] [ 13]
 |   |   |   |- Guid:AAAC6B5742760A58C2206DB37E44683C BaseClass: NativeClass:/Script/Engine.DirectionalLight Name:DirectionalLight_UAID_A85E45CFE40401D200_1470382761 Label:DirectionalLight SpatiallyLoaded:0 Bounds:IsValid=true, Min=(X=-4398046511104.000 Y=-4398046511104.000 Z=-4398046511104.000), Max=(X=4398046511104.000 Y=4398046511104.000 Z=4398046511104.000) RuntimeGrid:None EditorOnly:0 RuntimeOnly:0 HLODRelevant:0 FolderPath:Lighting FolderGuid:B7E9BD5B45A652654791988DEF54CCEB
 |   |   |- [+] [ 14]
 |   |   |   |- Guid:1D3D26F04B6DC10BEFB5B69E5CF914C8 BaseClass: NativeClass:/Script/Engine.VolumetricCloud Name:VolumetricCloud_UAID_A85E45CFE40401D200_1470381760 Label:VolumetricCloud SpatiallyLoaded:0 Bounds:IsValid=true, Min=(X=0.000 Y=0.000 Z=280.000), Max=(X=0.000 Y=0.000 Z=280.000) RuntimeGrid:None EditorOnly:0 RuntimeOnly:0 HLODRelevant:0 FolderPath:Lighting FolderGuid:B7E9BD5B45A652654791988DEF54CCEB
 |   |   |- [+] [ 15]
 |   |   |   |- Guid:724FD3C04F82959E291B8688041317E1 BaseClass:/Game/Blueprints/BP_ZombieCharacter.BP_ZombieCharacter_C NativeClass:/Script/Alone.ZombieCharacter Name:BP_ZombieCharacter_C_UAID_2C4D54D5790342C601_2005225866 Label:BP_ZombieCharacter SpatiallyLoaded:1 Bounds:IsValid=true, Min=(X=1896.324 Y=1137.074 Z=0.000), Max=(X=1988.931 Y=1218.872 Z=176.000) RuntimeGrid:None EditorOnly:0 RuntimeOnly:0 HLODRelevant:0
 |   |   |- [+] [ 16]
 |   |   |   |- Guid:4104A3904199B310B6EBBAA3467D9855 BaseClass: NativeClass:/Script/Engine.StaticMeshActor Name:StaticMeshActor_UAID_2C4D54D5790335C601_2147402580 Label:S_Modular_Building_1st_Floor_Kit_wdhjehddw_lod5_Var4 SpatiallyLoaded:1 Bounds:IsValid=true, Min=(X=-30.000 Y=-2310.701 Z=-0.043), Max=(X=370.000 Y=-2266.173 Z=300.051) RuntimeGrid:None EditorOnly:0 RuntimeOnly:0 HLODRelevant:1
 |   |   |- [+] [ 17]
 |   |   |   |- Guid:82111EBA4245874D247823848B4F1385 BaseClass: NativeClass:/Script/Landscape.LandscapeStreamingProxy Name:LandscapeStreamingProxy_D7T4VF4LBP34PHV9XOEVM5TIG_1_4_3_0 Label:LandscapeStreamingProxy_4_3_0 SpatiallyLoaded:1 Bounds:IsValid=true, Min=(X=0.000 Y=-25200.000 Z=-100.000), Max=(X=25200.000 Y=0.000 Z=100.000) RuntimeGrid:None EditorOnly:0 RuntimeOnly:0 HLODRelevant:1
 |   |   |- [+] [ 18]
 |   |   |   |- Guid:4D032B3C43E985DF7FBB5DBB23889A42 BaseClass: NativeClass:/Script/Engine.PlayerStart Name:PlayerStart_UAID_2C4D54D57903D2C401_1258688095 Label:PlayerStart SpatiallyLoaded:0 Bounds:IsValid=true, Min=(X=-290.000 Y=210.000 Z=0.010), Max=(X=-210.000 Y=290.000 Z=184.010) RuntimeGrid:None EditorOnly:0 RuntimeOnly:0 HLODRelevant:0
 |   |   |- [+] [ 19]
 |   |   |   |- Guid:0F38E66C4651124951A5BAA94C65CC96 BaseClass: NativeClass:/Script/NavigationSystem.NavMeshBoundsVolume Name:NavMeshBoundsVolume_UAID_2C4D54D579033DC601_1992324983 Label:NavMeshBoundsVolume SpatiallyLoaded:0 Bounds:IsValid=true, Min=(X=-4750.000 Y=-4160.000 Z=-40.000), Max=(X=5050.000 Y=5640.000 Z=160.000) RuntimeGrid:None EditorOnly:0 RuntimeOnly:0 HLODRelevant:0
 |   |   |- [+] [ 20]
 |   |   |   |- Guid:C053F4D147B437B779B2B1AB86653318 BaseClass: NativeClass:/Script/NavigationSystem.RecastNavMesh Name:RecastNavMesh_UAID_2C4D54D579033DC601-Default Label:RecastNavMesh-Default SpatiallyLoaded:0 Bounds:IsValid=true, Min=(X=0.000 Y=0.000 Z=0.000), Max=(X=0.000 Y=0.000 Z=0.000) RuntimeGrid:None EditorOnly:0 RuntimeOnly:0 HLODRelevant:0
 |   |   |- [+] [ 21]
 |   |   |   |- Guid:E6C4C89747E65FCDCCFD648F081F47C2 BaseClass: NativeClass:/Script/Landscape.LandscapeStreamingProxy Name:LandscapeStreamingProxy_D7T4VF4LBP34PHV9XOEVM5TIG_1_3_3_0 Label:LandscapeStreamingProxy_3_3_0 SpatiallyLoaded:1 Bounds:IsValid=true, Min=(X=-25200.000 Y=-25200.000 Z=-100.000), Max=(X=0.000 Y=0.000 Z=100.000) RuntimeGrid:None EditorOnly:0 RuntimeOnly:0 HLODRelevant:1
 |   |   |- [+] [ 22]
 |   |   |   |- Guid:80631C4B419F35099F4CEAA1CFABE66E BaseClass: NativeClass:/Script/Engine.StaticMeshActor Name:StaticMeshActor_UAID_2C4D54D5790359C601_1856471911 Label:SM_Shell_9mm SpatiallyLoaded:1 Bounds:IsValid=true, Min=(X=-50.479 Y=-310.857 Z=-0.471), Max=(X=-49.521 Y=-307.865 Z=0.487) RuntimeGrid:None EditorOnly:0 RuntimeOnly:0 HLODRelevant:1
 |   |   |- [+] [ 23]
 |   |   |   |- Guid:37628C8F465975DE89EFE5BAF7223A71 BaseClass:/Game/Blueprints/BP_ZombieCharacter1.BP_ZombieCharacter1_C NativeClass:/Script/Alone.ZombieCharacter Name:BP_ZombieCharacter1_C_UAID_2C4D54D579035CC601_1804861440 Label:BP_ZombieCharacter1 SpatiallyLoaded:1 Bounds:IsValid=true, Min=(X=-624.000 Y=1192.440 Z=-17.880), Max=(X=-556.000 Y=1347.572 Z=176.000) RuntimeGrid:None EditorOnly:0 RuntimeOnly:0 HLODRelevant:0
 |- ContainerInstances:
 |- [+] MainContainer:
 |   |-        ID: 0x0000000000000000
 |   |-    Bounds: IsValid=true, Min=(X=-25200.000 Y=-25200.000 Z=-100.000), Max=(X=25200.000 Y=25200.000 Z=511.479)
 |   |- Transform: 0.000000,0.000000,0.000000|0.000000,0.000000,-0.000000|1.000000,1.000000,1.000000
 |   |- Container: /Game/Maps/NewMap
----------------------------------------------------------------------------------------------------------------
NewMap - Persistent Level
----------------------------------------------------------------------------------------------------------------
Always loaded Actor Count: 34 

----------------------------------------------------------------------------------------------------------------
NewMap - Runtime Spatial Hash - Streaming Grid - MainGrid
----------------------------------------------------------------------------------------------------------------
            Origin: X=0.000 Y=0.000 Z=0.000
         Cell Size: 25600
      World Bounds: IsValid=true, Min=(X=-25200.000 Y=-25200.000 Z=-100.000), Max=(X=25200.000 Y=25200.000 Z=511.479)
     Loading Range: 76800.00
Block Slow Loading: No
 ClientOnlyVisible: No

[+] Grid Levels: 2
 |- Level  0: Cell Count    4 | Cell Size   25600 | Actor Count   10 (100.0%)
 |- Level  1: Cell Count    0 | Cell Size   51200 | Actor Count    0 (0.0%)

[+] Content of Grid Level 0
 |- [+] Content of Cell MainGrid_L0_X-1_Y0
 |   |- Actor Count: 2
 |   |- Actor Path: /Game/Maps/NewMap.NewMap:PersistentLevel.LandscapeStreamingProxy_D7T4VF4LBP34PHV9XOEVM5TIG_1_3_4_0
 |   |- Actor Package: /Game/__ExternalActors__/Maps/NewMap/0/QE/10GL7VDT3NTXY663PYRD4Y
 |   |- Actor Path: /Game/Maps/NewMap.NewMap:PersistentLevel.BP_ZombieCharacter1_C_UAID_2C4D54D579035CC601_1804861440
 |   |- Actor Package: /Game/__ExternalActors__/Maps/NewMap/6/HV/YUN91V870DZRPHAYVKU5KB
 |- [+] Content of Cell MainGrid_L0_X0_Y-1
 |   |- Actor Count: 3
 |   |- Actor Path: /Game/Maps/NewMap.NewMap:PersistentLevel.StaticMeshActor_UAID_2C4D54D5790335C601_2142751579
 |   |- Actor Package: /Game/__ExternalActors__/Maps/NewMap/2/D6/XNAWWJQK8VYB9MN1I4YIJ1
 |   |- Actor Path: /Game/Maps/NewMap.NewMap:PersistentLevel.StaticMeshActor_UAID_2C4D54D5790335C601_2115942578
 |   |- Actor Package: /Game/__ExternalActors__/Maps/NewMap/6/DJ/M6UXCEJRBLN9VSUKPXZCGU
 |   |- Actor Path: /Game/Maps/NewMap.NewMap:PersistentLevel.LandscapeStreamingProxy_D7T4VF4LBP34PHV9XOEVM5TIG_1_4_3_0
 |   |- Actor Package: /Game/__ExternalActors__/Maps/NewMap/B/E2/FB68B8QWD9882N88F07FTI
 |- [+] Content of Cell MainGrid_L0_X0_Y0
 |   |- Actor Count: 3
 |   |- Actor Path: /Game/Maps/NewMap.NewMap:PersistentLevel.LandscapeStreamingProxy_D7T4VF4LBP34PHV9XOEVM5TIG_1_4_4_0
 |   |- Actor Package: /Game/__ExternalActors__/Maps/NewMap/4/59/4L9KR4JK4180UQ3PBI1B5L
 |   |- Actor Path: /Game/Maps/NewMap.NewMap:PersistentLevel.StaticMeshActor_UAID_2C4D54D57903D3C401_1794489271
 |   |- Actor Package: /Game/__ExternalActors__/Maps/NewMap/6/SY/GAN41OW9M24BPZDG17BYBE
 |   |- Actor Path: /Game/Maps/NewMap.NewMap:PersistentLevel.BP_ZombieCharacter_C_UAID_2C4D54D5790342C601_2005225866
 |   |- Actor Package: /Game/__ExternalActors__/Maps/NewMap/9/P0/Y0A8GEI34Y8QJG07Y3UF4Z
 |- [+] Content of Cell MainGrid_L0_X-1_Y-1
 |   |- Actor Count: 2
 |   |- Actor Path: /Game/Maps/NewMap.NewMap:PersistentLevel.LandscapeStreamingProxy_D7T4VF4LBP34PHV9XOEVM5TIG_1_3_3_0
 |   |- Actor Package: /Game/__ExternalActors__/Maps/NewMap/E/HP/LU8EKCDKP0TL42NE2BIE38
 |   |- Actor Path: /Game/Maps/NewMap.NewMap:PersistentLevel.StaticMeshActor_UAID_2C4D54D5790359C601_1856471911
 |   |- Actor Package: /Game/__ExternalActors__/Maps/NewMap/6/VT/A4GT1VFVVJ4NQ697Y8YYMZ
[+] Content of Grid Level 1

